<?xml version="1.0" encoding="UTF-8"?>
<!-- Generated by org.testng.reporters.JUnitReportReporter -->
<testsuite hostname="DESKTOP-2021AMR" failures="0" tests="2" name="testcases.LoginPageTest" time="6.481" errors="0" timestamp="2025-03-05T11:16:54 IST" skipped="0">
  <testcase classname="testcases.LoginPageTest" name="btnDisplay" time="0.197"/>
  <testcase classname="testcases.LoginPageTest" name="login" time="6.284"/>
</testsuite> <!-- testcases.LoginPageTest -->
