<?xml version="1.0" encoding="UTF-8"?>
<!-- Generated by org.testng.reporters.JUnitReportReporter -->
<testsuite hostname="DESKTOP-2021AMR" failures="0" tests="1" name="testcases.MentorDashboardTest" time="33.500" errors="0" timestamp="2025-03-05T11:16:54 IST" skipped="0">
  <testcase classname="testcases.MentorDashboardTest" name="prjctList" time="33.500"/>
</testsuite> <!-- testcases.MentorDashboardTest -->
